<?xml version="1.0" encoding="UTF-8"?>
<testng-results ignored="1" total="2" passed="1" failed="0" skipped="0">
  <reporter-output>
  </reporter-output>
  <suite started-at="2024-06-15T21:02:32 IST" name="Default suite" finished-at="2024-06-15T21:02:46 IST" duration-ms="14299">
    <groups>
    </groups>
    <test started-at="2024-06-15T21:02:32 IST" name="Default test" finished-at="2024-06-15T21:02:46 IST" duration-ms="14299">
      <class name="Test.MainTest">
        <test-method is-config="true" signature="setUp()[pri:0, instance:Test.MainTest@434a63ab]" started-at="2024-06-15T21:02:32 IST" name="setUp" finished-at="2024-06-15T21:02:45 IST" duration-ms="12925" status="PASS">
          <reporter-output>
          </reporter-output>
        </test-method> <!-- setUp -->
        <test-method signature="testInvalidLogin()[pri:0, instance:Test.MainTest@434a63ab]" started-at="2024-06-15T21:02:45 IST" name="testInvalidLogin" finished-at="2024-06-15T21:02:46 IST" duration-ms="1315" status="PASS">
          <reporter-output>
          </reporter-output>
        </test-method> <!-- testInvalidLogin -->
      </class> <!-- Test.MainTest -->
    </test> <!-- Default test -->
  </suite> <!-- Default suite -->
</testng-results>
