<?xml version="1.0" encoding="UTF-8"?>
<!-- Generated by org.testng.reporters.JUnitXMLReporter -->
<testsuite ignored="0" hostname="TT" failures="0" tests="3" name="Default test" time="35.41" errors="0" timestamp="2024-06-19T01:40:48 IST">
  <testcase classname="Test.MainTest" name="TestingFunctionalities" time="8.84"/>
  <testcase classname="Test.MainTest" name="testGetStatusCode" time="2.199"/>
  <testcase classname="Test.MainTest" name="testInvalidLogin" time="5.971"/>
</testsuite> <!-- Default test -->
