<?xml version="1.0" encoding="UTF-8"?>
<!-- Generated by org.testng.reporters.JUnitXMLReporter -->
<testsuite ignored="1" hostname="DESKTOP-KI1R593" failures="0" tests="1" name="Default test" time="14.299" errors="0" timestamp="2024-06-15T21:02:46 IST">
  <testcase classname="Test.MainTest" name="testInvalidLogin" time="1.315"/>
  <testcase classname="Test.MainTest" name="TestingFunctionalities" time="0.0">
    <ignored/>
  </testcase> <!-- TestingFunctionalities -->
</testsuite> <!-- Default test -->
