<?xml version="1.0" encoding="UTF-8"?>
<testng-results ignored="0" total="2" passed="2" failed="0" skipped="0">
  <reporter-output>
  </reporter-output>
  <suite started-at="2024-06-18T15:49:03 IST" name="Surefire suite" finished-at="2024-06-18T15:49:29 IST" duration-ms="26289">
    <groups>
    </groups>
    <test started-at="2024-06-18T15:49:03 IST" name="Surefire test" finished-at="2024-06-18T15:49:29 IST" duration-ms="26289">
      <class name="Test.MainTest">
        <test-method is-config="true" signature="initConfig()[pri:0, instance:Test.MainTest@13c10b87]" started-at="2024-06-18T15:49:03 IST" name="initConfig" finished-at="2024-06-18T15:49:04 IST" duration-ms="429" status="PASS">
          <reporter-output>
          </reporter-output>
        </test-method> <!-- initConfig -->
        <test-method is-config="true" signature="setUp()[pri:0, instance:Test.MainTest@13c10b87]" started-at="2024-06-18T15:49:04 IST" name="setUp" finished-at="2024-06-18T15:49:11 IST" duration-ms="7459" status="PASS">
          <reporter-output>
          </reporter-output>
        </test-method> <!-- setUp -->
        <test-method signature="TestingFunctionalities()[pri:0, instance:Test.MainTest@13c10b87]" started-at="2024-06-18T15:49:11 IST" name="TestingFunctionalities" finished-at="2024-06-18T15:49:18 IST" duration-ms="6560" status="PASS">
          <reporter-output>
          </reporter-output>
        </test-method> <!-- TestingFunctionalities -->
        <test-method is-config="true" signature="tearDown()[pri:0, instance:Test.MainTest@13c10b87]" started-at="2024-06-18T15:49:18 IST" name="tearDown" finished-at="2024-06-18T15:49:18 IST" duration-ms="304" status="PASS">
          <reporter-output>
          </reporter-output>
        </test-method> <!-- tearDown -->
        <test-method is-config="true" signature="setUp()[pri:0, instance:Test.MainTest@13c10b87]" started-at="2024-06-18T15:49:18 IST" name="setUp" finished-at="2024-06-18T15:49:26 IST" duration-ms="8293" status="PASS">
          <reporter-output>
          </reporter-output>
        </test-method> <!-- setUp -->
        <test-method signature="testInvalidLogin()[pri:0, instance:Test.MainTest@13c10b87]" started-at="2024-06-18T15:49:26 IST" name="testInvalidLogin" finished-at="2024-06-18T15:49:29 IST" duration-ms="2887" status="PASS">
          <reporter-output>
          </reporter-output>
        </test-method> <!-- testInvalidLogin -->
        <test-method is-config="true" signature="tearDown()[pri:0, instance:Test.MainTest@13c10b87]" started-at="2024-06-18T15:49:29 IST" name="tearDown" finished-at="2024-06-18T15:49:29 IST" duration-ms="271" status="PASS">
          <reporter-output>
          </reporter-output>
        </test-method> <!-- tearDown -->
        <test-method is-config="true" signature="tearDownSuite()[pri:0, instance:Test.MainTest@13c10b87]" started-at="2024-06-18T15:49:29 IST" name="tearDownSuite" finished-at="2024-06-18T15:49:30 IST" duration-ms="643" status="PASS">
          <reporter-output>
          </reporter-output>
        </test-method> <!-- tearDownSuite -->
      </class> <!-- Test.MainTest -->
    </test> <!-- Surefire test -->
  </suite> <!-- Surefire suite -->
</testng-results>
