<?xml version="1.0" encoding="UTF-8"?>
<testng-results ignored="0" total="2" passed="2" failed="0" skipped="0">
  <reporter-output>
  </reporter-output>
  <suite started-at="2024-06-17T13:55:25 IST" name="Default suite" finished-at="2024-06-17T13:56:13 IST" duration-ms="47983">
    <groups>
    </groups>
    <test started-at="2024-06-17T13:55:25 IST" name="Default test" finished-at="2024-06-17T13:56:13 IST" duration-ms="47983">
      <class name="Test.MainTest">
        <test-method is-config="true" signature="initConfig()[pri:0, instance:Test.MainTest@77fbd92c]" started-at="2024-06-17T13:55:25 IST" name="initConfig" finished-at="2024-06-17T13:55:25 IST" duration-ms="274" status="PASS">
          <reporter-output>
          </reporter-output>
        </test-method> <!-- initConfig -->
        <test-method is-config="true" signature="setUp()[pri:0, instance:Test.MainTest@77fbd92c]" started-at="2024-06-17T13:55:25 IST" name="setUp" finished-at="2024-06-17T13:55:29 IST" duration-ms="3723" status="PASS">
          <reporter-output>
          </reporter-output>
        </test-method> <!-- setUp -->
        <test-method signature="TestingFunctionalities()[pri:0, instance:Test.MainTest@77fbd92c]" started-at="2024-06-17T13:55:29 IST" name="TestingFunctionalities" finished-at="2024-06-17T13:56:02 IST" duration-ms="33592" status="PASS">
          <reporter-output>
          </reporter-output>
        </test-method> <!-- TestingFunctionalities -->
        <test-method is-config="true" signature="tearDown()[pri:0, instance:Test.MainTest@77fbd92c]" started-at="2024-06-17T13:56:02 IST" name="tearDown" finished-at="2024-06-17T13:56:03 IST" duration-ms="221" status="PASS">
          <reporter-output>
          </reporter-output>
        </test-method> <!-- tearDown -->
        <test-method is-config="true" signature="setUp()[pri:0, instance:Test.MainTest@77fbd92c]" started-at="2024-06-17T13:56:03 IST" name="setUp" finished-at="2024-06-17T13:56:12 IST" duration-ms="9267" status="PASS">
          <reporter-output>
          </reporter-output>
        </test-method> <!-- setUp -->
        <test-method signature="testInvalidLogin()[pri:0, instance:Test.MainTest@77fbd92c]" started-at="2024-06-17T13:56:12 IST" name="testInvalidLogin" finished-at="2024-06-17T13:56:13 IST" duration-ms="679" status="PASS">
          <reporter-output>
          </reporter-output>
        </test-method> <!-- testInvalidLogin -->
        <test-method is-config="true" signature="tearDown()[pri:0, instance:Test.MainTest@77fbd92c]" started-at="2024-06-17T13:56:13 IST" name="tearDown" finished-at="2024-06-17T13:56:13 IST" duration-ms="190" status="PASS">
          <reporter-output>
          </reporter-output>
        </test-method> <!-- tearDown -->
        <test-method is-config="true" signature="tearDownSuite()[pri:0, instance:Test.MainTest@77fbd92c]" started-at="2024-06-17T13:56:13 IST" name="tearDownSuite" finished-at="2024-06-17T13:56:13 IST" duration-ms="314" status="PASS">
          <reporter-output>
          </reporter-output>
        </test-method> <!-- tearDownSuite -->
      </class> <!-- Test.MainTest -->
    </test> <!-- Default test -->
  </suite> <!-- Default suite -->
</testng-results>
