<?xml version="1.0" encoding="UTF-8"?>
<testng-results ignored="0" total="3" passed="3" failed="0" skipped="0">
  <reporter-output>
  </reporter-output>
  <suite started-at="2024-06-19T01:40:13 IST" name="Default suite" finished-at="2024-06-19T01:40:48 IST" duration-ms="35410">
    <groups>
    </groups>
    <test started-at="2024-06-19T01:40:13 IST" name="Default test" finished-at="2024-06-19T01:40:48 IST" duration-ms="35410">
      <class name="Test.MainTest">
        <test-method is-config="true" signature="initConfig()[pri:0, instance:Test.MainTest@59474f18]" started-at="2024-06-19T01:40:13 IST" name="initConfig" finished-at="2024-06-19T01:40:13 IST" duration-ms="344" status="PASS">
          <reporter-output>
          </reporter-output>
        </test-method> <!-- initConfig -->
        <test-method is-config="true" signature="setUp()[pri:0, instance:Test.MainTest@59474f18]" started-at="2024-06-19T01:40:13 IST" name="setUp" finished-at="2024-06-19T01:40:18 IST" duration-ms="4380" status="PASS">
          <reporter-output>
          </reporter-output>
        </test-method> <!-- setUp -->
        <test-method signature="TestingFunctionalities()[pri:0, instance:Test.MainTest@59474f18]" started-at="2024-06-19T01:40:18 IST" name="TestingFunctionalities" finished-at="2024-06-19T01:40:27 IST" duration-ms="8840" status="PASS">
          <reporter-output>
          </reporter-output>
        </test-method> <!-- TestingFunctionalities -->
        <test-method is-config="true" signature="tearDown()[pri:0, instance:Test.MainTest@59474f18]" started-at="2024-06-19T01:40:27 IST" name="tearDown" finished-at="2024-06-19T01:40:27 IST" duration-ms="466" status="PASS">
          <reporter-output>
          </reporter-output>
        </test-method> <!-- tearDown -->
        <test-method is-config="true" signature="setUp()[pri:0, instance:Test.MainTest@59474f18]" started-at="2024-06-19T01:40:27 IST" name="setUp" finished-at="2024-06-19T01:40:37 IST" duration-ms="9757" status="PASS">
          <reporter-output>
          </reporter-output>
        </test-method> <!-- setUp -->
        <test-method signature="testGetStatusCode()[pri:0, instance:Test.MainTest@59474f18]" started-at="2024-06-19T01:40:37 IST" name="testGetStatusCode" finished-at="2024-06-19T01:40:39 IST" duration-ms="2199" status="PASS">
          <reporter-output>
          </reporter-output>
        </test-method> <!-- testGetStatusCode -->
        <test-method is-config="true" signature="tearDown()[pri:0, instance:Test.MainTest@59474f18]" started-at="2024-06-19T01:40:39 IST" name="tearDown" finished-at="2024-06-19T01:40:39 IST" duration-ms="229" status="PASS">
          <reporter-output>
          </reporter-output>
        </test-method> <!-- tearDown -->
        <test-method is-config="true" signature="setUp()[pri:0, instance:Test.MainTest@59474f18]" started-at="2024-06-19T01:40:39 IST" name="setUp" finished-at="2024-06-19T01:40:42 IST" duration-ms="2980" status="PASS">
          <reporter-output>
          </reporter-output>
        </test-method> <!-- setUp -->
        <test-method signature="testInvalidLogin()[pri:0, instance:Test.MainTest@59474f18]" started-at="2024-06-19T01:40:42 IST" name="testInvalidLogin" finished-at="2024-06-19T01:40:48 IST" duration-ms="5971" status="PASS">
          <reporter-output>
          </reporter-output>
        </test-method> <!-- testInvalidLogin -->
        <test-method is-config="true" signature="tearDown()[pri:0, instance:Test.MainTest@59474f18]" started-at="2024-06-19T01:40:48 IST" name="tearDown" finished-at="2024-06-19T01:40:48 IST" duration-ms="207" status="PASS">
          <reporter-output>
          </reporter-output>
        </test-method> <!-- tearDown -->
        <test-method is-config="true" signature="tearDownSuite()[pri:0, instance:Test.MainTest@59474f18]" started-at="2024-06-19T01:40:48 IST" name="tearDownSuite" finished-at="2024-06-19T01:40:49 IST" duration-ms="282" status="PASS">
          <reporter-output>
          </reporter-output>
        </test-method> <!-- tearDownSuite -->
      </class> <!-- Test.MainTest -->
    </test> <!-- Default test -->
  </suite> <!-- Default suite -->
</testng-results>
